# JRE version: OpenJDK Runtime Environment (17.0.6) (build 17.0.6+0-b2043.56-9586694)
# Java VM: OpenJDK 64-Bit Server VM (17.0.6+0-b2043.56-9586694, mixed mode, tiered, compressed oops, compressed class ptrs, g1 gc, windows-amd64)
GC Precious Log:
 CPUs: 12 total, 12 available
 Memory: 16205M
 Large Page Support: Disabled
 NUMA Support: Disabled
 Compressed Oops: Enabled (Zero based)
 Heap Region Size: 4M
 Heap Min Capacity: 8M
 Heap Initial Capacity: 256M
 Heap Max Capacity: 4608M
 Pre-touch: Disabled
 Parallel Workers: 10
 Concurrent Workers: 3
 Concurrent Refinement Workers: 10
 Periodic GC: Disabled
Heap:
 garbage-first heap   total 413696K, used 116857K [0x00000006e0000000, 0x0000000800000000)
  region size 4096K, 5 young (20480K), 5 survivors (20480K)
 Metaspace       used 54071K, committed 54592K, reserved 1097728K
  class space    used 7184K, committed 7424K, reserved 1048576K
GC Heap History (20 events):
Event: 13.900 GC heap after
{Heap after GC invocations=45 (full 0):
 garbage-first heap   total 344064K, used 79012K [0x00000006e0000000, 0x0000000800000000)
  region size 4096K, 1 young (4096K), 1 survivors (4096K)
 Metaspace       used 53682K, committed 54144K, reserved 1097728K
  class space    used 7142K, committed 7360K, reserved 1048576K
}
Event: 14.451 GC heap before
{Heap before GC invocations=45 (full 0):
 garbage-first heap   total 344064K, used 300196K [0x00000006e0000000, 0x0000000800000000)
  region size 4096K, 50 young (204800K), 1 survivors (4096K)
 Metaspace       used 54057K, committed 54592K, reserved 1097728K
  class space    used 7183K, committed 7424K, reserved 1048576K
}
Event: 14.456 GC heap after
{Heap after GC invocations=46 (full 0):
 garbage-first heap   total 344064K, used 103146K [0x00000006e0000000, 0x0000000800000000)
  region size 4096K, 2 young (8192K), 2 survivors (8192K)
 Metaspace       used 54057K, committed 54592K, reserved 1097728K
  class space    used 7183K, committed 7424K, reserved 1048576K
}
Event: 14.717 GC heap before
{Heap before GC invocations=46 (full 0):
 garbage-first heap   total 344064K, used 291562K [0x00000006e0000000, 0x0000000800000000)
  region size 4096K, 48 young (196608K), 2 survivors (8192K)
 Metaspace       used 54061K, committed 54592K, reserved 1097728K
  class space    used 7183K, committed 7424K, reserved 1048576K
}
Event: 14.722 GC heap after
{Heap after GC invocations=47 (full 0):
 garbage-first heap   total 344064K, used 106658K [0x00000006e0000000, 0x0000000800000000)
  region size 4096K, 3 young (12288K), 3 survivors (12288K)
 Metaspace       used 54061K, committed 54592K, reserved 1097728K
  class space    used 7183K, committed 7424K, reserved 1048576K
}
Event: 14.960 GC heap before
{Heap before GC invocations=47 (full 0):
 garbage-first heap   total 344064K, used 290978K [0x00000006e0000000, 0x0000000800000000)
  region size 4096K, 48 young (196608K), 3 survivors (12288K)
 Metaspace       used 54061K, committed 54592K, reserved 1097728K
  class space    used 7183K, committed 7424K, reserved 1048576K
}
Event: 14.964 GC heap after
{Heap after GC invocations=48 (full 0):
 garbage-first heap   total 344064K, used 106828K [0x00000006e0000000, 0x0000000800000000)
  region size 4096K, 3 young (12288K), 3 survivors (12288K)
 Metaspace       used 54061K, committed 54592K, reserved 1097728K
  class space    used 7183K, committed 7424K, reserved 1048576K
}
Event: 15.147 GC heap before
{Heap before GC invocations=48 (full 0):
 garbage-first heap   total 344064K, used 291148K [0x00000006e0000000, 0x0000000800000000)
  region size 4096K, 48 young (196608K), 3 survivors (12288K)
 Metaspace       used 54065K, committed 54592K, reserved 1097728K
  class space    used 7183K, committed 7424K, reserved 1048576K
}
Event: 15.152 GC heap after
{Heap after GC invocations=49 (full 0):
 garbage-first heap   total 344064K, used 107965K [0x00000006e0000000, 0x0000000800000000)
  region size 4096K, 3 young (12288K), 3 survivors (12288K)
 Metaspace       used 54065K, committed 54592K, reserved 1097728K
  class space    used 7183K, committed 7424K, reserved 1048576K
}
Event: 15.341 GC heap before
{Heap before GC invocations=49 (full 0):
 garbage-first heap   total 344064K, used 292285K [0x00000006e0000000, 0x0000000800000000)
  region size 4096K, 48 young (196608K), 3 survivors (12288K)
 Metaspace       used 54067K, committed 54592K, reserved 1097728K
  class space    used 7184K, committed 7424K, reserved 1048576K
}
Event: 15.345 GC heap after
{Heap after GC invocations=50 (full 0):
 garbage-first heap   total 344064K, used 107626K [0x00000006e0000000, 0x0000000800000000)
  region size 4096K, 3 young (12288K), 3 survivors (12288K)
 Metaspace       used 54067K, committed 54592K, reserved 1097728K
  class space    used 7184K, committed 7424K, reserved 1048576K
}
Event: 15.544 GC heap before
{Heap before GC invocations=50 (full 0):
 garbage-first heap   total 344064K, used 291946K [0x00000006e0000000, 0x0000000800000000)
  region size 4096K, 48 young (196608K), 3 survivors (12288K)
 Metaspace       used 54068K, committed 54592K, reserved 1097728K
  class space    used 7184K, committed 7424K, reserved 1048576K
}
Event: 15.549 GC heap after
{Heap after GC invocations=51 (full 0):
 garbage-first heap   total 413696K, used 108844K [0x00000006e0000000, 0x0000000800000000)
  region size 4096K, 4 young (16384K), 4 survivors (16384K)
 Metaspace       used 54068K, committed 54592K, reserved 1097728K
  class space    used 7184K, committed 7424K, reserved 1048576K
}
Event: 15.879 GC heap before
{Heap before GC invocations=51 (full 0):
 garbage-first heap   total 413696K, used 338220K [0x00000006e0000000, 0x0000000800000000)
  region size 4096K, 60 young (245760K), 4 survivors (16384K)
 Metaspace       used 54069K, committed 54592K, reserved 1097728K
  class space    used 7184K, committed 7424K, reserved 1048576K
}
Event: 15.884 GC heap after
{Heap after GC invocations=52 (full 0):
 garbage-first heap   total 413696K, used 110980K [0x00000006e0000000, 0x0000000800000000)
  region size 4096K, 4 young (16384K), 4 survivors (16384K)
 Metaspace       used 54069K, committed 54592K, reserved 1097728K
  class space    used 7184K, committed 7424K, reserved 1048576K
}
Event: 16.111 GC heap before
{Heap before GC invocations=52 (full 0):
 garbage-first heap   total 413696K, used 336260K [0x00000006e0000000, 0x0000000800000000)
  region size 4096K, 60 young (245760K), 4 survivors (16384K)
 Metaspace       used 54070K, committed 54592K, reserved 1097728K
  class space    used 7184K, committed 7424K, reserved 1048576K
}
Event: 16.117 GC heap after
{Heap after GC invocations=53 (full 0):
 garbage-first heap   total 413696K, used 113163K [0x00000006e0000000, 0x0000000800000000)
  region size 4096K, 5 young (20480K), 5 survivors (20480K)
 Metaspace       used 54070K, committed 54592K, reserved 1097728K
  class space    used 7184K, committed 7424K, reserved 1048576K
}
Event: 16.374 GC heap before
{Heap before GC invocations=53 (full 0):
 garbage-first heap   total 413696K, used 338443K [0x00000006e0000000, 0x0000000800000000)
  region size 4096K, 60 young (245760K), 5 survivors (20480K)
 Metaspace       used 54071K, committed 54592K, reserved 1097728K
  class space    used 7184K, committed 7424K, reserved 1048576K
}
Event: 16.380 GC heap after
{Heap after GC invocations=54 (full 0):
 garbage-first heap   total 413696K, used 114851K [0x00000006e0000000, 0x0000000800000000)
  region size 4096K, 5 young (20480K), 5 survivors (20480K)
 Metaspace       used 54071K, committed 54592K, reserved 1097728K
  class space    used 7184K, committed 7424K, reserved 1048576K
}
Event: 16.714 GC heap before
{Heap before GC invocations=54 (full 0):
 garbage-first heap   total 413696K, used 340131K [0x00000006e0000000, 0x0000000800000000)
  region size 4096K, 60 young (245760K), 5 survivors (20480K)
 Metaspace       used 54071K, committed 54592K, reserved 1097728K
  class space    used 7184K, committed 7424K, reserved 1048576K
}

